# Logfile created on 2023-05-03 11:15:06 +0000 by logger.rb/66358
I, [2023-05-03T11:15:06.445565 #402]  INFO -- : (0.000152s) PRAGMA foreign_keys = 1
I, [2023-05-03T11:15:06.445794 #402]  INFO -- : (0.000020s) PRAGMA case_sensitive_like = 1
I, [2023-05-03T11:53:23.372200 #167]  INFO -- : (0.000178s) PRAGMA foreign_keys = 1
I, [2023-05-03T11:53:23.372352 #167]  INFO -- : (0.000027s) PRAGMA case_sensitive_like = 1
I, [2023-05-03T17:46:42.756725 #233]  INFO -- : (0.000175s) PRAGMA foreign_keys = 1
I, [2023-05-03T17:46:42.756995 #233]  INFO -- : (0.000024s) PRAGMA case_sensitive_like = 1
I, [2023-05-03T17:47:18.324705 #311]  INFO -- : (0.000134s) PRAGMA foreign_keys = 1
I, [2023-05-03T17:47:18.324830 #311]  INFO -- : (0.000020s) PRAGMA case_sensitive_like = 1
I, [2023-05-03T17:49:03.003287 #321]  INFO -- : (0.000125s) PRAGMA foreign_keys = 1
I, [2023-05-03T17:49:03.003385 #321]  INFO -- : (0.000019s) PRAGMA case_sensitive_like = 1
I, [2023-05-03T17:52:18.376377 #343]  INFO -- : (0.000149s) PRAGMA foreign_keys = 1
I, [2023-05-03T17:52:18.376499 #343]  INFO -- : (0.000020s) PRAGMA case_sensitive_like = 1
I, [2023-05-03T17:54:25.473963 #357]  INFO -- : (0.000128s) PRAGMA foreign_keys = 1
I, [2023-05-03T17:54:25.474063 #357]  INFO -- : (0.000020s) PRAGMA case_sensitive_like = 1
I, [2023-05-03T17:54:55.830161 #362]  INFO -- : (0.000119s) PRAGMA foreign_keys = 1
I, [2023-05-03T17:54:55.830261 #362]  INFO -- : (0.000020s) PRAGMA case_sensitive_like = 1
I, [2023-05-03T17:56:34.576300 #375]  INFO -- : (0.000122s) PRAGMA foreign_keys = 1
I, [2023-05-03T17:56:34.576404 #375]  INFO -- : (0.000019s) PRAGMA case_sensitive_like = 1
I, [2023-05-03T17:59:16.646188 #390]  INFO -- : (0.000194s) PRAGMA foreign_keys = 1
I, [2023-05-03T17:59:16.646431 #390]  INFO -- : (0.000024s) PRAGMA case_sensitive_like = 1
I, [2023-05-03T18:35:54.713972 #154]  INFO -- : (0.000132s) PRAGMA foreign_keys = 1
I, [2023-05-03T18:35:54.714069 #154]  INFO -- : (0.000019s) PRAGMA case_sensitive_like = 1
I, [2023-05-03T19:08:58.002987 #208]  INFO -- : (0.000143s) PRAGMA foreign_keys = 1
I, [2023-05-03T19:08:58.003131 #208]  INFO -- : (0.000024s) PRAGMA case_sensitive_like = 1
I, [2023-05-03T19:10:02.367607 #320]  INFO -- : (0.000148s) PRAGMA foreign_keys = 1
I, [2023-05-03T19:10:02.367791 #320]  INFO -- : (0.000022s) PRAGMA case_sensitive_like = 1
I, [2023-05-03T19:12:15.114919 #334]  INFO -- : (0.000122s) PRAGMA foreign_keys = 1
I, [2023-05-03T19:12:15.115008 #334]  INFO -- : (0.000019s) PRAGMA case_sensitive_like = 1
I, [2023-05-03T19:13:09.451371 #345]  INFO -- : (0.000152s) PRAGMA foreign_keys = 1
I, [2023-05-03T19:13:09.451574 #345]  INFO -- : (0.000022s) PRAGMA case_sensitive_like = 1
I, [2023-05-03T19:17:32.774744 #378]  INFO -- : (0.000125s) PRAGMA foreign_keys = 1
I, [2023-05-03T19:17:32.774834 #378]  INFO -- : (0.000019s) PRAGMA case_sensitive_like = 1
I, [2023-05-03T19:25:10.420310 #400]  INFO -- : (0.000129s) PRAGMA foreign_keys = 1
I, [2023-05-03T19:25:10.420399 #400]  INFO -- : (0.000018s) PRAGMA case_sensitive_like = 1
I, [2023-05-06T15:00:13.520238 #321]  INFO -- : (0.000157s) PRAGMA foreign_keys = 1
I, [2023-05-06T15:00:13.520562 #321]  INFO -- : (0.000024s) PRAGMA case_sensitive_like = 1
I, [2023-05-06T15:03:08.246855 #372]  INFO -- : (0.000124s) PRAGMA foreign_keys = 1
I, [2023-05-06T15:03:08.246951 #372]  INFO -- : (0.000019s) PRAGMA case_sensitive_like = 1
I, [2023-05-06T15:18:13.582814 #719]  INFO -- : (0.000135s) PRAGMA foreign_keys = 1
I, [2023-05-06T15:18:13.582929 #719]  INFO -- : (0.000019s) PRAGMA case_sensitive_like = 1
I, [2023-05-06T15:19:16.393430 #743]  INFO -- : (0.000132s) PRAGMA foreign_keys = 1
I, [2023-05-06T15:19:16.393531 #743]  INFO -- : (0.000020s) PRAGMA case_sensitive_like = 1
I, [2023-05-06T15:22:56.685092 #759]  INFO -- : (0.000183s) PRAGMA foreign_keys = 1
I, [2023-05-06T15:22:56.685184 #759]  INFO -- : (0.000020s) PRAGMA case_sensitive_like = 1
I, [2023-05-06T15:32:03.374805 #770]  INFO -- : (0.000142s) PRAGMA foreign_keys = 1
I, [2023-05-06T15:32:03.374926 #770]  INFO -- : (0.000019s) PRAGMA case_sensitive_like = 1
I, [2023-05-06T15:45:58.868951 #786]  INFO -- : (0.000132s) PRAGMA foreign_keys = 1
I, [2023-05-06T15:45:58.869123 #786]  INFO -- : (0.000025s) PRAGMA case_sensitive_like = 1
I, [2023-05-06T15:59:06.679067 #798]  INFO -- : (0.000126s) PRAGMA foreign_keys = 1
I, [2023-05-06T15:59:06.679159 #798]  INFO -- : (0.000019s) PRAGMA case_sensitive_like = 1
I, [2023-05-06T16:06:20.910636 #881]  INFO -- : (0.000115s) PRAGMA foreign_keys = 1
I, [2023-05-06T16:06:20.910724 #881]  INFO -- : (0.000019s) PRAGMA case_sensitive_like = 1
I, [2023-05-06T16:06:48.181706 #891]  INFO -- : (0.000124s) PRAGMA foreign_keys = 1
I, [2023-05-06T16:06:48.181812 #891]  INFO -- : (0.000025s) PRAGMA case_sensitive_like = 1
I, [2023-05-06T16:09:06.156223 #906]  INFO -- : (0.000187s) PRAGMA foreign_keys = 1
I, [2023-05-06T16:09:06.156362 #906]  INFO -- : (0.000020s) PRAGMA case_sensitive_like = 1
I, [2023-05-06T16:12:49.260676 #917]  INFO -- : (0.000119s) PRAGMA foreign_keys = 1
I, [2023-05-06T16:12:49.260907 #917]  INFO -- : (0.000019s) PRAGMA case_sensitive_like = 1
I, [2023-05-06T16:15:58.113802 #928]  INFO -- : (0.000143s) PRAGMA foreign_keys = 1
I, [2023-05-06T16:15:58.113920 #928]  INFO -- : (0.000019s) PRAGMA case_sensitive_like = 1
I, [2023-05-06T16:23:47.931269 #972]  INFO -- : (0.000122s) PRAGMA foreign_keys = 1
I, [2023-05-06T16:23:47.931371 #972]  INFO -- : (0.000024s) PRAGMA case_sensitive_like = 1
I, [2023-05-06T16:27:30.463463 #983]  INFO -- : (0.000152s) PRAGMA foreign_keys = 1
I, [2023-05-06T16:27:30.463599 #983]  INFO -- : (0.000024s) PRAGMA case_sensitive_like = 1
I, [2023-05-06T16:30:00.289534 #994]  INFO -- : (0.000136s) PRAGMA foreign_keys = 1
I, [2023-05-06T16:30:00.289631 #994]  INFO -- : (0.000019s) PRAGMA case_sensitive_like = 1
I, [2023-05-06T16:31:26.329785 #1005]  INFO -- : (0.000166s) PRAGMA foreign_keys = 1
I, [2023-05-06T16:31:26.329895 #1005]  INFO -- : (0.000019s) PRAGMA case_sensitive_like = 1
I, [2023-05-06T16:32:23.553718 #1016]  INFO -- : (0.000141s) PRAGMA foreign_keys = 1
I, [2023-05-06T16:32:23.553830 #1016]  INFO -- : (0.000019s) PRAGMA case_sensitive_like = 1
I, [2023-05-06T16:38:24.503656 #1030]  INFO -- : (0.000134s) PRAGMA foreign_keys = 1
I, [2023-05-06T16:38:24.503761 #1030]  INFO -- : (0.000020s) PRAGMA case_sensitive_like = 1
I, [2023-05-06T16:48:40.780114 #1072]  INFO -- : (0.000149s) PRAGMA foreign_keys = 1
I, [2023-05-06T16:48:40.780236 #1072]  INFO -- : (0.000020s) PRAGMA case_sensitive_like = 1
I, [2023-05-06T16:59:31.334583 #1087]  INFO -- : (0.000238s) PRAGMA foreign_keys = 1
I, [2023-05-06T16:59:31.334690 #1087]  INFO -- : (0.000019s) PRAGMA case_sensitive_like = 1
I, [2023-05-06T17:06:13.642346 #1100]  INFO -- : (0.000129s) PRAGMA foreign_keys = 1
I, [2023-05-06T17:06:13.642456 #1100]  INFO -- : (0.000020s) PRAGMA case_sensitive_like = 1
I, [2023-05-06T17:08:41.815341 #1111]  INFO -- : (0.000138s) PRAGMA foreign_keys = 1
I, [2023-05-06T17:08:41.815459 #1111]  INFO -- : (0.000020s) PRAGMA case_sensitive_like = 1
I, [2023-05-06T17:16:06.686985 #1122]  INFO -- : (0.000141s) PRAGMA foreign_keys = 1
I, [2023-05-06T17:16:06.687097 #1122]  INFO -- : (0.000019s) PRAGMA case_sensitive_like = 1
I, [2023-05-06T17:17:45.560275 #1149]  INFO -- : (0.000137s) PRAGMA foreign_keys = 1
I, [2023-05-06T17:17:45.560404 #1149]  INFO -- : (0.000024s) PRAGMA case_sensitive_like = 1
I, [2023-05-06T20:45:07.224320 #247]  INFO -- : (0.000161s) PRAGMA foreign_keys = 1
I, [2023-05-06T20:45:07.224555 #247]  INFO -- : (0.000024s) PRAGMA case_sensitive_like = 1
I, [2023-05-06T20:46:56.179904 #260]  INFO -- : (0.000144s) PRAGMA foreign_keys = 1
I, [2023-05-06T20:46:56.180019 #260]  INFO -- : (0.000019s) PRAGMA case_sensitive_like = 1
I, [2023-05-06T20:49:50.960085 #271]  INFO -- : (0.000174s) PRAGMA foreign_keys = 1
I, [2023-05-06T20:49:50.960220 #271]  INFO -- : (0.000024s) PRAGMA case_sensitive_like = 1
I, [2023-05-06T20:53:24.107230 #282]  INFO -- : (0.000139s) PRAGMA foreign_keys = 1
I, [2023-05-06T20:53:24.107348 #282]  INFO -- : (0.000024s) PRAGMA case_sensitive_like = 1
I, [2023-05-06T21:01:01.535151 #294]  INFO -- : (0.000149s) PRAGMA foreign_keys = 1
I, [2023-05-06T21:01:01.535388 #294]  INFO -- : (0.000024s) PRAGMA case_sensitive_like = 1
I, [2023-05-06T21:04:42.790694 #306]  INFO -- : (0.000139s) PRAGMA foreign_keys = 1
I, [2023-05-06T21:04:42.790786 #306]  INFO -- : (0.000018s) PRAGMA case_sensitive_like = 1
I, [2023-05-06T21:10:59.798454 #318]  INFO -- : (0.000137s) PRAGMA foreign_keys = 1
I, [2023-05-06T21:10:59.798732 #318]  INFO -- : (0.000023s) PRAGMA case_sensitive_like = 1
I, [2023-05-06T21:16:18.212778 #387]  INFO -- : (0.000130s) PRAGMA foreign_keys = 1
I, [2023-05-06T21:16:18.212874 #387]  INFO -- : (0.000019s) PRAGMA case_sensitive_like = 1
I, [2023-05-06T21:23:08.391815 #403]  INFO -- : (0.000152s) PRAGMA foreign_keys = 1
I, [2023-05-06T21:23:08.391945 #403]  INFO -- : (0.000022s) PRAGMA case_sensitive_like = 1
I, [2023-05-06T21:27:59.229591 #565]  INFO -- : (0.000123s) PRAGMA foreign_keys = 1
I, [2023-05-06T21:27:59.229695 #565]  INFO -- : (0.000024s) PRAGMA case_sensitive_like = 1
I, [2023-05-06T21:33:11.728403 #578]  INFO -- : (0.000169s) PRAGMA foreign_keys = 1
I, [2023-05-06T21:33:11.728614 #578]  INFO -- : (0.000022s) PRAGMA case_sensitive_like = 1
I, [2023-05-06T21:34:33.623622 #589]  INFO -- : (0.000150s) PRAGMA foreign_keys = 1
I, [2023-05-06T21:34:33.623843 #589]  INFO -- : (0.000022s) PRAGMA case_sensitive_like = 1
I, [2023-05-06T21:38:29.913704 #702]  INFO -- : (0.000168s) PRAGMA foreign_keys = 1
I, [2023-05-06T21:38:29.913932 #702]  INFO -- : (0.000023s) PRAGMA case_sensitive_like = 1
I, [2023-05-07T01:34:28.641447 #283]  INFO -- : (0.000126s) PRAGMA foreign_keys = 1
I, [2023-05-07T01:34:28.641567 #283]  INFO -- : (0.000024s) PRAGMA case_sensitive_like = 1
I, [2023-05-07T01:42:40.627581 #294]  INFO -- : (0.000134s) PRAGMA foreign_keys = 1
I, [2023-05-07T01:42:40.627671 #294]  INFO -- : (0.000020s) PRAGMA case_sensitive_like = 1
I, [2023-05-07T01:48:27.375320 #306]  INFO -- : (0.000129s) PRAGMA foreign_keys = 1
I, [2023-05-07T01:48:27.375429 #306]  INFO -- : (0.000024s) PRAGMA case_sensitive_like = 1
I, [2023-05-07T02:08:25.859334 #320]  INFO -- : (0.000124s) PRAGMA foreign_keys = 1
I, [2023-05-07T02:08:25.859425 #320]  INFO -- : (0.000020s) PRAGMA case_sensitive_like = 1
I, [2023-05-07T02:09:11.559613 #331]  INFO -- : (0.000147s) PRAGMA foreign_keys = 1
I, [2023-05-07T02:09:11.559751 #331]  INFO -- : (0.000021s) PRAGMA case_sensitive_like = 1
I, [2023-05-07T02:10:26.237345 #343]  INFO -- : (0.000157s) PRAGMA foreign_keys = 1
I, [2023-05-07T02:10:26.237473 #343]  INFO -- : (0.000025s) PRAGMA case_sensitive_like = 1
I, [2023-05-07T02:14:11.109880 #354]  INFO -- : (0.000120s) PRAGMA foreign_keys = 1
I, [2023-05-07T02:14:11.109972 #354]  INFO -- : (0.000020s) PRAGMA case_sensitive_like = 1
I, [2023-05-07T02:15:33.020893 #374]  INFO -- : (0.000139s) PRAGMA foreign_keys = 1
I, [2023-05-07T02:15:33.021140 #374]  INFO -- : (0.000024s) PRAGMA case_sensitive_like = 1
I, [2023-05-07T11:17:03.391640 #235]  INFO -- : (0.000137s) PRAGMA foreign_keys = 1
I, [2023-05-07T11:17:03.391945 #235]  INFO -- : (0.000026s) PRAGMA case_sensitive_like = 1
I, [2023-05-07T15:45:11.279211 #307]  INFO -- : (0.000162s) PRAGMA foreign_keys = 1
I, [2023-05-07T15:45:11.279430 #307]  INFO -- : (0.000023s) PRAGMA case_sensitive_like = 1
I, [2023-05-07T15:50:12.026540 #320]  INFO -- : (0.000261s) PRAGMA foreign_keys = 1
I, [2023-05-07T15:50:12.026646 #320]  INFO -- : (0.000020s) PRAGMA case_sensitive_like = 1
I, [2023-05-07T15:51:41.930972 #331]  INFO -- : (0.000120s) PRAGMA foreign_keys = 1
I, [2023-05-07T15:51:41.931065 #331]  INFO -- : (0.000020s) PRAGMA case_sensitive_like = 1
I, [2023-05-07T15:53:29.547392 #342]  INFO -- : (0.000120s) PRAGMA foreign_keys = 1
I, [2023-05-07T15:53:29.547501 #342]  INFO -- : (0.000024s) PRAGMA case_sensitive_like = 1
I, [2023-05-07T15:54:05.608514 #353]  INFO -- : (0.000119s) PRAGMA foreign_keys = 1
I, [2023-05-07T15:54:05.608604 #353]  INFO -- : (0.000019s) PRAGMA case_sensitive_like = 1
I, [2023-05-07T15:57:44.758721 #365]  INFO -- : (0.000151s) PRAGMA foreign_keys = 1
I, [2023-05-07T15:57:44.758812 #365]  INFO -- : (0.000019s) PRAGMA case_sensitive_like = 1
I, [2023-05-07T16:00:15.291548 #377]  INFO -- : (0.000140s) PRAGMA foreign_keys = 1
I, [2023-05-07T16:00:15.291641 #377]  INFO -- : (0.000019s) PRAGMA case_sensitive_like = 1
I, [2023-05-07T16:02:59.410563 #389]  INFO -- : (0.000122s) PRAGMA foreign_keys = 1
I, [2023-05-07T16:02:59.410673 #389]  INFO -- : (0.000025s) PRAGMA case_sensitive_like = 1
I, [2023-05-07T16:03:26.374700 #400]  INFO -- : (0.000125s) PRAGMA foreign_keys = 1
I, [2023-05-07T16:03:26.374991 #400]  INFO -- : (0.000022s) PRAGMA case_sensitive_like = 1
I, [2023-05-07T16:05:38.433963 #412]  INFO -- : (0.000136s) PRAGMA foreign_keys = 1
I, [2023-05-07T16:05:38.434055 #412]  INFO -- : (0.000019s) PRAGMA case_sensitive_like = 1
I, [2023-05-07T16:06:35.603041 #423]  INFO -- : (0.000126s) PRAGMA foreign_keys = 1
I, [2023-05-07T16:06:35.603132 #423]  INFO -- : (0.000020s) PRAGMA case_sensitive_like = 1
I, [2023-05-08T11:52:33.935110 #265]  INFO -- : (0.000130s) PRAGMA foreign_keys = 1
I, [2023-05-08T11:52:33.935247 #265]  INFO -- : (0.000022s) PRAGMA case_sensitive_like = 1
I, [2023-05-08T11:55:54.401161 #280]  INFO -- : (0.000160s) PRAGMA foreign_keys = 1
I, [2023-05-08T11:55:54.401265 #280]  INFO -- : (0.000020s) PRAGMA case_sensitive_like = 1
I, [2023-05-08T11:56:35.722589 #291]  INFO -- : (0.000114s) PRAGMA foreign_keys = 1
I, [2023-05-08T11:56:35.722681 #291]  INFO -- : (0.000019s) PRAGMA case_sensitive_like = 1
I, [2023-05-08T11:59:10.727211 #311]  INFO -- : (0.000116s) PRAGMA foreign_keys = 1
I, [2023-05-08T11:59:10.727323 #311]  INFO -- : (0.000027s) PRAGMA case_sensitive_like = 1
I, [2023-05-08T12:05:33.122542 #332]  INFO -- : (0.000111s) PRAGMA foreign_keys = 1
I, [2023-05-08T12:05:33.122675 #332]  INFO -- : (0.000022s) PRAGMA case_sensitive_like = 1
I, [2023-05-08T12:07:56.285202 #343]  INFO -- : (0.000116s) PRAGMA foreign_keys = 1
I, [2023-05-08T12:07:56.285292 #343]  INFO -- : (0.000019s) PRAGMA case_sensitive_like = 1
I, [2023-05-08T12:45:19.484329 #360]  INFO -- : (0.000128s) PRAGMA foreign_keys = 1
I, [2023-05-08T12:45:19.486999 #360]  INFO -- : (0.000023s) PRAGMA case_sensitive_like = 1
I, [2023-05-08T12:46:49.556646 #372]  INFO -- : (0.000135s) PRAGMA foreign_keys = 1
I, [2023-05-08T12:46:49.556802 #372]  INFO -- : (0.000022s) PRAGMA case_sensitive_like = 1
I, [2023-05-08T13:19:27.908273 #389]  INFO -- : (0.000123s) PRAGMA foreign_keys = 1
I, [2023-05-08T13:19:27.908368 #389]  INFO -- : (0.000020s) PRAGMA case_sensitive_like = 1
I, [2023-05-08T13:21:15.042036 #400]  INFO -- : (0.000123s) PRAGMA foreign_keys = 1
I, [2023-05-08T13:21:15.042178 #400]  INFO -- : (0.000022s) PRAGMA case_sensitive_like = 1
I, [2023-05-08T13:27:42.615783 #422]  INFO -- : (0.000112s) PRAGMA foreign_keys = 1
I, [2023-05-08T13:27:42.615872 #422]  INFO -- : (0.000019s) PRAGMA case_sensitive_like = 1
I, [2023-05-08T13:28:18.546296 #433]  INFO -- : (0.000135s) PRAGMA foreign_keys = 1
I, [2023-05-08T13:28:18.546468 #433]  INFO -- : (0.000022s) PRAGMA case_sensitive_like = 1
I, [2023-05-09T09:16:27.118473 #261]  INFO -- : (0.000133s) PRAGMA foreign_keys = 1
I, [2023-05-09T09:16:27.118566 #261]  INFO -- : (0.000019s) PRAGMA case_sensitive_like = 1
I, [2023-05-09T09:26:39.476260 #283]  INFO -- : (0.000117s) PRAGMA foreign_keys = 1
I, [2023-05-09T09:26:39.476363 #283]  INFO -- : (0.000025s) PRAGMA case_sensitive_like = 1
I, [2023-05-09T09:28:27.967693 #294]  INFO -- : (0.000117s) PRAGMA foreign_keys = 1
I, [2023-05-09T09:28:27.967783 #294]  INFO -- : (0.000019s) PRAGMA case_sensitive_like = 1
I, [2023-05-09T09:32:53.997637 #306]  INFO -- : (0.000123s) PRAGMA foreign_keys = 1
I, [2023-05-09T09:32:53.997731 #306]  INFO -- : (0.000019s) PRAGMA case_sensitive_like = 1
I, [2023-05-09T09:34:55.500588 #319]  INFO -- : (0.000129s) PRAGMA foreign_keys = 1
I, [2023-05-09T09:34:55.500712 #319]  INFO -- : (0.000021s) PRAGMA case_sensitive_like = 1
I, [2023-05-09T09:40:03.566571 #332]  INFO -- : (0.000147s) PRAGMA foreign_keys = 1
I, [2023-05-09T09:40:03.566661 #332]  INFO -- : (0.000019s) PRAGMA case_sensitive_like = 1
I, [2023-05-09T09:40:50.380820 #343]  INFO -- : (0.000120s) PRAGMA foreign_keys = 1
I, [2023-05-09T09:40:50.380939 #343]  INFO -- : (0.000025s) PRAGMA case_sensitive_like = 1
I, [2023-05-09T09:41:32.466681 #354]  INFO -- : (0.000120s) PRAGMA foreign_keys = 1
I, [2023-05-09T09:41:32.466771 #354]  INFO -- : (0.000019s) PRAGMA case_sensitive_like = 1
I, [2023-05-09T09:42:43.598421 #366]  INFO -- : (0.000127s) PRAGMA foreign_keys = 1
I, [2023-05-09T09:42:43.598532 #366]  INFO -- : (0.000019s) PRAGMA case_sensitive_like = 1
I, [2023-05-09T09:44:02.545796 #378]  INFO -- : (0.000113s) PRAGMA foreign_keys = 1
I, [2023-05-09T09:44:02.545885 #378]  INFO -- : (0.000019s) PRAGMA case_sensitive_like = 1
I, [2023-05-09T09:49:50.341164 #395]  INFO -- : (0.000204s) PRAGMA foreign_keys = 1
I, [2023-05-09T09:49:50.341256 #395]  INFO -- : (0.000020s) PRAGMA case_sensitive_like = 1
I, [2023-05-09T11:10:57.445876 #167]  INFO -- : (0.000134s) PRAGMA foreign_keys = 1
I, [2023-05-09T11:10:57.446018 #167]  INFO -- : (0.000021s) PRAGMA case_sensitive_like = 1
I, [2023-05-09T10:54:17.528809 #313]  INFO -- : (0.000119s) PRAGMA foreign_keys = 1
I, [2023-05-09T10:54:17.528899 #313]  INFO -- : (0.000019s) PRAGMA case_sensitive_like = 1
I, [2023-05-09T10:57:34.898829 #325]  INFO -- : (0.000115s) PRAGMA foreign_keys = 1
I, [2023-05-09T10:57:34.898918 #325]  INFO -- : (0.000019s) PRAGMA case_sensitive_like = 1
I, [2023-05-09T11:00:49.611108 #348]  INFO -- : (0.000117s) PRAGMA foreign_keys = 1
I, [2023-05-09T11:00:49.611211 #348]  INFO -- : (0.000024s) PRAGMA case_sensitive_like = 1
I, [2023-05-09T11:02:28.023476 #369]  INFO -- : (0.000114s) PRAGMA foreign_keys = 1
I, [2023-05-09T11:02:28.023566 #369]  INFO -- : (0.000019s) PRAGMA case_sensitive_like = 1
I, [2023-05-09T11:35:05.879129 #296]  INFO -- : (0.000177s) PRAGMA foreign_keys = 1
I, [2023-05-09T11:35:05.879341 #296]  INFO -- : (0.000023s) PRAGMA case_sensitive_like = 1
I, [2023-05-09T11:39:13.332353 #325]  INFO -- : (0.000136s) PRAGMA foreign_keys = 1
I, [2023-05-09T11:39:13.332502 #325]  INFO -- : (0.000026s) PRAGMA case_sensitive_like = 1
I, [2023-05-09T11:42:17.568691 #338]  INFO -- : (0.000183s) PRAGMA foreign_keys = 1
I, [2023-05-09T11:42:17.568859 #338]  INFO -- : (0.000027s) PRAGMA case_sensitive_like = 1
I, [2023-05-09T11:58:57.179623 #351]  INFO -- : (0.000124s) PRAGMA foreign_keys = 1
I, [2023-05-09T11:58:57.179731 #351]  INFO -- : (0.000025s) PRAGMA case_sensitive_like = 1
I, [2023-05-09T11:59:24.830012 #362]  INFO -- : (0.000116s) PRAGMA foreign_keys = 1
I, [2023-05-09T11:59:24.830103 #362]  INFO -- : (0.000019s) PRAGMA case_sensitive_like = 1
I, [2023-05-09T11:55:20.479339 #276]  INFO -- : (0.000126s) PRAGMA foreign_keys = 1
I, [2023-05-09T11:55:20.479448 #276]  INFO -- : (0.000020s) PRAGMA case_sensitive_like = 1
I, [2023-05-09T12:00:05.402757 #756]  INFO -- : (0.000122s) PRAGMA foreign_keys = 1
I, [2023-05-09T12:00:05.402866 #756]  INFO -- : (0.000020s) PRAGMA case_sensitive_like = 1
I, [2023-05-09T12:07:54.511985 #777]  INFO -- : (0.000116s) PRAGMA foreign_keys = 1
I, [2023-05-09T12:07:54.512090 #777]  INFO -- : (0.000025s) PRAGMA case_sensitive_like = 1
I, [2023-05-09T12:19:35.141496 #193]  INFO -- : (0.000167s) PRAGMA foreign_keys = 1
I, [2023-05-09T12:19:35.141616 #193]  INFO -- : (0.000020s) PRAGMA case_sensitive_like = 1
I, [2023-05-09T12:21:21.844153 #200]  INFO -- : (0.000119s) PRAGMA foreign_keys = 1
I, [2023-05-09T12:21:21.844243 #200]  INFO -- : (0.000020s) PRAGMA case_sensitive_like = 1
I, [2023-05-09T12:25:30.286059 #996]  INFO -- : (0.000125s) PRAGMA foreign_keys = 1
I, [2023-05-09T12:25:30.286201 #996]  INFO -- : (0.000023s) PRAGMA case_sensitive_like = 1
I, [2023-05-09T12:34:49.841351 #1011]  INFO -- : (0.000120s) PRAGMA foreign_keys = 1
I, [2023-05-09T12:34:49.841442 #1011]  INFO -- : (0.000019s) PRAGMA case_sensitive_like = 1
I, [2023-05-09T12:39:27.422073 #1044]  INFO -- : (0.000120s) PRAGMA foreign_keys = 1
I, [2023-05-09T12:39:27.422166 #1044]  INFO -- : (0.000019s) PRAGMA case_sensitive_like = 1
I, [2023-05-10T09:36:10.864902 #355]  INFO -- : (0.000127s) PRAGMA foreign_keys = 1
I, [2023-05-10T09:36:10.865007 #355]  INFO -- : (0.000025s) PRAGMA case_sensitive_like = 1
I, [2023-05-10T09:42:18.723727 #367]  INFO -- : (0.000116s) PRAGMA foreign_keys = 1
I, [2023-05-10T09:42:18.723817 #367]  INFO -- : (0.000019s) PRAGMA case_sensitive_like = 1
I, [2023-05-10T09:48:33.867985 #240]  INFO -- : (0.000187s) PRAGMA foreign_keys = 1
I, [2023-05-10T09:48:33.868079 #240]  INFO -- : (0.000020s) PRAGMA case_sensitive_like = 1
I, [2023-05-10T09:50:09.103172 #253]  INFO -- : (0.000122s) PRAGMA foreign_keys = 1
I, [2023-05-10T09:50:09.103262 #253]  INFO -- : (0.000019s) PRAGMA case_sensitive_like = 1
I, [2023-05-10T09:57:33.844843 #267]  INFO -- : (0.000148s) PRAGMA foreign_keys = 1
I, [2023-05-10T09:57:33.844964 #267]  INFO -- : (0.000019s) PRAGMA case_sensitive_like = 1
I, [2023-05-10T09:58:53.982034 #278]  INFO -- : (0.000120s) PRAGMA foreign_keys = 1
I, [2023-05-10T09:58:53.982125 #278]  INFO -- : (0.000019s) PRAGMA case_sensitive_like = 1
I, [2023-05-10T10:01:34.797050 #289]  INFO -- : (0.000117s) PRAGMA foreign_keys = 1
I, [2023-05-10T10:01:34.797140 #289]  INFO -- : (0.000020s) PRAGMA case_sensitive_like = 1
I, [2023-05-10T10:05:52.406050 #302]  INFO -- : (0.000176s) PRAGMA foreign_keys = 1
I, [2023-05-10T10:05:52.406280 #302]  INFO -- : (0.000023s) PRAGMA case_sensitive_like = 1
I, [2023-05-10T10:07:41.652666 #313]  INFO -- : (0.000121s) PRAGMA foreign_keys = 1
I, [2023-05-10T10:07:41.652756 #313]  INFO -- : (0.000019s) PRAGMA case_sensitive_like = 1
I, [2023-05-10T09:46:51.773810 #388]  INFO -- : (0.000144s) PRAGMA foreign_keys = 1
I, [2023-05-10T09:46:51.773920 #388]  INFO -- : (0.000025s) PRAGMA case_sensitive_like = 1
I, [2023-05-10T10:02:17.139177 #167]  INFO -- : (0.000115s) PRAGMA foreign_keys = 1
I, [2023-05-10T10:02:17.139331 #167]  INFO -- : (0.000022s) PRAGMA case_sensitive_like = 1
I, [2023-05-10T10:04:52.398757 #178]  INFO -- : (0.000119s) PRAGMA foreign_keys = 1
I, [2023-05-10T10:04:52.398849 #178]  INFO -- : (0.000019s) PRAGMA case_sensitive_like = 1
I, [2023-05-10T10:06:29.530086 #191]  INFO -- : (0.000116s) PRAGMA foreign_keys = 1
I, [2023-05-10T10:06:29.530193 #191]  INFO -- : (0.000019s) PRAGMA case_sensitive_like = 1
I, [2023-05-10T10:07:22.638463 #202]  INFO -- : (0.000140s) PRAGMA foreign_keys = 1
I, [2023-05-10T10:07:22.638557 #202]  INFO -- : (0.000020s) PRAGMA case_sensitive_like = 1I, [2023-05-10T10:27:22.951313 #346]  INFO -- : (0.000113s) PRAGMA foreign_keys = 1
I, [2023-05-10T10:27:22.951420 #346]  INFO -- : (0.000019s) PRAGMA case_sensitive_like = 1
I, [2023-05-10T10:30:29.905855 #357]  INFO -- : (0.000113s) PRAGMA foreign_keys = 1
I, [2023-05-10T10:30:29.905944 #357]  INFO -- : (0.000019s) PRAGMA case_sensitive_like = 1
I, [2023-05-10T10:07:22.638557 #202]  INFO -- : (0.000020s) PRAGMA case_sensitive_like = 1I, [2023-05-10T10:26:16.955252 #373]  INFO -- : (0.000135s) PRAGMA foreign_keys = 1
I, [2023-05-10T10:26:16.955372 #373]  INFO -- : (0.000020s) PRAGMA case_sensitive_like = 1
I, [2023-05-10T10:27:51.029223 #384]  INFO -- : (0.000119s) PRAGMA foreign_keys = 1
I, [2023-05-10T10:27:51.029313 #384]  INFO -- : (0.000020s) PRAGMA case_sensitive_like = 1
I, [2023-05-10T10:30:50.624903 #407]  INFO -- : (0.000138s) PRAGMA foreign_keys = 1
I, [2023-05-10T10:30:50.625014 #407]  INFO -- : (0.000020s) PRAGMA case_sensitive_like = 1
I, [2023-05-10T10:36:15.289086 #418]  INFO -- : (0.000123s) PRAGMA foreign_keys = 1
I, [2023-05-10T10:36:15.289195 #418]  INFO -- : (0.000019s) PRAGMA case_sensitive_like = 1
I, [2023-05-10T11:07:57.941541 #460]  INFO -- : (0.000143s) PRAGMA foreign_keys = 1
I, [2023-05-10T11:07:57.941647 #460]  INFO -- : (0.000024s) PRAGMA case_sensitive_like = 1
I, [2023-05-10T11:08:42.665722 #471]  INFO -- : (0.000150s) PRAGMA foreign_keys = 1
I, [2023-05-10T11:08:42.665830 #471]  INFO -- : (0.000024s) PRAGMA case_sensitive_like = 1
I, [2023-05-10T11:09:35.965862 #482]  INFO -- : (0.000148s) PRAGMA foreign_keys = 1
I, [2023-05-10T11:09:35.966019 #482]  INFO -- : (0.000026s) PRAGMA case_sensitive_like = 1
I, [2023-05-10T11:11:08.537286 #493]  INFO -- : (0.000117s) PRAGMA foreign_keys = 1
I, [2023-05-10T11:11:08.537423 #493]  INFO -- : (0.000022s) PRAGMA case_sensitive_like = 1
I, [2023-05-10T11:18:35.838300 #516]  INFO -- : (0.000121s) PRAGMA foreign_keys = 1
I, [2023-05-10T11:18:35.838391 #516]  INFO -- : (0.000020s) PRAGMA case_sensitive_like = 1
I, [2023-05-10T10:38:50.160646 #446]  INFO -- : (0.000110s) PRAGMA foreign_keys = 1
I, [2023-05-10T10:38:50.160761 #446]  INFO -- : (0.000025s) PRAGMA case_sensitive_like = 1
I, [2023-05-10T10:45:09.214195 #460]  INFO -- : (0.000119s) PRAGMA foreign_keys = 1
I, [2023-05-10T10:45:09.214291 #460]  INFO -- : (0.000019s) PRAGMA case_sensitive_like = 1
I, [2023-05-10T10:47:43.471396 #471]  INFO -- : (0.000116s) PRAGMA foreign_keys = 1
I, [2023-05-10T10:47:43.471500 #471]  INFO -- : (0.000024s) PRAGMA case_sensitive_like = 1
I, [2023-05-10T10:49:52.444111 #482]  INFO -- : (0.000117s) PRAGMA foreign_keys = 1
I, [2023-05-10T10:49:52.444255 #482]  INFO -- : (0.000022s) PRAGMA case_sensitive_like = 1
I, [2023-05-10T10:51:12.840578 #493]  INFO -- : (0.000173s) PRAGMA foreign_keys = 1
I, [2023-05-10T10:51:12.840683 #493]  INFO -- : (0.000020s) PRAGMA case_sensitive_like = 1
I, [2023-05-10T10:52:16.780949 #505]  INFO -- : (0.000115s) PRAGMA foreign_keys = 1
I, [2023-05-10T10:52:16.781038 #505]  INFO -- : (0.000019s) PRAGMA case_sensitive_like = 1
I, [2023-05-10T10:55:56.876435 #516]  INFO -- : (0.000142s) PRAGMA foreign_keys = 1
I, [2023-05-10T10:55:56.876584 #516]  INFO -- : (0.000022s) PRAGMA case_sensitive_like = 1
I, [2023-05-10T10:58:54.012983 #547]  INFO -- : (0.000115s) PRAGMA foreign_keys = 1
<<<<<<< HEAD
I, [2023-05-10T10:58:54.013104 #547]  INFO -- : (0.000025s) PRAGMA case_sensitive_like = 1
=======
I, [2023-05-10T10:58:54.013104 #547]  INFO -- : (0.000025s) PRAGMA case_sensitive_like = 1
<<<<<<< HEAD
I, [2023-05-10T11:26:06.363354 #582]  INFO -- : (0.000259s) PRAGMA foreign_keys = 1
I, [2023-05-10T11:26:06.363450 #582]  INFO -- : (0.000020s) PRAGMA case_sensitive_like = 1
I, [2023-05-10T11:30:10.984454 #594]  INFO -- : (0.000122s) PRAGMA foreign_keys = 1
I, [2023-05-10T11:30:10.984597 #594]  INFO -- : (0.000022s) PRAGMA case_sensitive_like = 1
I, [2023-05-10T11:31:17.835521 #605]  INFO -- : (0.000115s) PRAGMA foreign_keys = 1
I, [2023-05-10T11:31:17.835628 #605]  INFO -- : (0.000019s) PRAGMA case_sensitive_like = 1
=======
>>>>>>> 12a165ee5dbb3befdf3c71b767a65e0f8b3d4de9
I, [2023-05-10T11:04:01.132872 #468]  INFO -- : (0.000149s) PRAGMA foreign_keys = 1
I, [2023-05-10T11:04:01.133127 #468]  INFO -- : (0.000024s) PRAGMA case_sensitive_like = 1
I, [2023-05-10T11:18:42.035989 #483]  INFO -- : (0.000125s) PRAGMA foreign_keys = 1
I, [2023-05-10T11:18:42.036096 #483]  INFO -- : (0.000032s) PRAGMA case_sensitive_like = 1
I, [2023-05-10T11:19:30.082252 #494]  INFO -- : (0.000113s) PRAGMA foreign_keys = 1
I, [2023-05-10T11:19:30.082353 #494]  INFO -- : (0.000025s) PRAGMA case_sensitive_like = 1
I, [2023-05-10T11:21:53.276562 #506]  INFO -- : (0.000177s) PRAGMA foreign_keys = 1
I, [2023-05-10T11:21:53.276767 #506]  INFO -- : (0.000037s) PRAGMA case_sensitive_like = 1
I, [2023-05-10T11:22:57.194344 #519]  INFO -- : (0.000126s) PRAGMA foreign_keys = 1
I, [2023-05-10T11:22:57.194433 #519]  INFO -- : (0.000019s) PRAGMA case_sensitive_like = 1
>>>>>>> 46f2fce06ad988f0c5a44dd8c61ae575d49445fe
I, [2023-05-10T11:54:03.314357 #135]  INFO -- : (0.000136s) PRAGMA foreign_keys = 1
I, [2023-05-10T11:54:03.314498 #135]  INFO -- : (0.000021s) PRAGMA case_sensitive_like = 1
I, [2023-05-10T12:02:11.273689 #149]  INFO -- : (0.000124s) PRAGMA foreign_keys = 1
I, [2023-05-10T12:02:11.273780 #149]  INFO -- : (0.000019s) PRAGMA case_sensitive_like = 1
I, [2023-05-10T12:06:43.593564 #193]  INFO -- : (0.000161s) PRAGMA foreign_keys = 1
I, [2023-05-10T12:06:43.593790 #193]  INFO -- : (0.000023s) PRAGMA case_sensitive_like = 1
I, [2023-05-10T12:11:09.141339 #211]  INFO -- : (0.000164s) PRAGMA foreign_keys = 1
I, [2023-05-10T12:11:09.141511 #211]  INFO -- : (0.000022s) PRAGMA case_sensitive_like = 1
I, [2023-05-11T13:42:29.296023 #256]  INFO -- : (0.000145s) PRAGMA foreign_keys = 1
I, [2023-05-11T13:42:29.296207 #256]  INFO -- : (0.000021s) PRAGMA case_sensitive_like = 1
I, [2023-05-11T14:40:35.913800 #285]  INFO -- : (0.000204s) PRAGMA foreign_keys = 1
I, [2023-05-11T14:40:35.916971 #285]  INFO -- : (0.000051s) PRAGMA case_sensitive_like = 1
I, [2023-05-11T14:48:59.074475 #300]  INFO -- : (0.000158s) PRAGMA foreign_keys = 1
I, [2023-05-11T14:48:59.074609 #300]  INFO -- : (0.000022s) PRAGMA case_sensitive_like = 1
I, [2023-05-11T14:55:49.560655 #311]  INFO -- : (0.000138s) PRAGMA foreign_keys = 1
I, [2023-05-11T14:55:49.560888 #311]  INFO -- : (0.000025s) PRAGMA case_sensitive_like = 1
I, [2023-05-11T14:57:14.407557 #322]  INFO -- : (0.000133s) PRAGMA foreign_keys = 1
I, [2023-05-11T14:57:14.407749 #322]  INFO -- : (0.000022s) PRAGMA case_sensitive_like = 1
I, [2023-05-11T15:01:33.121255 #334]  INFO -- : (0.000149s) PRAGMA foreign_keys = 1
I, [2023-05-11T15:01:33.121360 #334]  INFO -- : (0.000019s) PRAGMA case_sensitive_like = 1
I, [2023-05-11T15:18:42.732683 #415]  INFO -- : (0.000151s) PRAGMA foreign_keys = 1
I, [2023-05-11T15:18:42.732789 #415]  INFO -- : (0.000019s) PRAGMA case_sensitive_like = 1
I, [2023-05-11T15:22:19.313715 #428]  INFO -- : (0.000128s) PRAGMA foreign_keys = 1
I, [2023-05-11T15:22:19.313811 #428]  INFO -- : (0.000019s) PRAGMA case_sensitive_like = 1
I, [2023-05-11T15:24:40.395320 #439]  INFO -- : (0.000163s) PRAGMA foreign_keys = 1
I, [2023-05-11T15:24:40.395457 #439]  INFO -- : (0.000020s) PRAGMA case_sensitive_like = 1
I, [2023-05-11T15:26:35.725694 #450]  INFO -- : (0.000122s) PRAGMA foreign_keys = 1
I, [2023-05-11T15:26:35.725785 #450]  INFO -- : (0.000019s) PRAGMA case_sensitive_like = 1
I, [2023-05-11T15:34:29.471398 #462]  INFO -- : (0.000128s) PRAGMA foreign_keys = 1
I, [2023-05-11T15:34:29.471511 #462]  INFO -- : (0.000025s) PRAGMA case_sensitive_like = 1
I, [2023-05-11T15:35:33.614602 #473]  INFO -- : (0.000150s) PRAGMA foreign_keys = 1
I, [2023-05-11T15:35:33.614706 #473]  INFO -- : (0.000019s) PRAGMA case_sensitive_like = 1
I, [2023-05-11T15:39:52.395351 #485]  INFO -- : (0.000165s) PRAGMA foreign_keys = 1
I, [2023-05-11T15:39:52.395542 #485]  INFO -- : (0.000028s) PRAGMA case_sensitive_like = 1
I, [2023-05-11T15:41:13.996187 #496]  INFO -- : (0.000166s) PRAGMA foreign_keys = 1
I, [2023-05-11T15:41:13.996425 #496]  INFO -- : (0.000026s) PRAGMA case_sensitive_like = 1
I, [2023-05-11T15:47:35.957066 #507]  INFO -- : (0.000126s) PRAGMA foreign_keys = 1
I, [2023-05-11T15:47:35.957166 #507]  INFO -- : (0.000021s) PRAGMA case_sensitive_like = 1
I, [2023-05-11T15:49:05.372489 #518]  INFO -- : (0.000196s) PRAGMA foreign_keys = 1
I, [2023-05-11T15:49:05.372650 #518]  INFO -- : (0.000028s) PRAGMA case_sensitive_like = 1
I, [2023-05-11T15:49:44.246449 #529]  INFO -- : (0.000234s) PRAGMA foreign_keys = 1
I, [2023-05-11T15:49:44.246616 #529]  INFO -- : (0.000029s) PRAGMA case_sensitive_like = 1
I, [2023-05-11T16:42:18.444592 #133]  INFO -- : (0.000144s) PRAGMA foreign_keys = 1
I, [2023-05-11T16:42:18.444825 #133]  INFO -- : (0.000024s) PRAGMA case_sensitive_like = 1
I, [2023-05-11T16:53:46.893402 #152]  INFO -- : (0.000143s) PRAGMA foreign_keys = 1
I, [2023-05-11T16:53:46.893500 #152]  INFO -- : (0.000019s) PRAGMA case_sensitive_like = 1
I, [2023-05-11T16:56:35.488620 #163]  INFO -- : (0.000143s) PRAGMA foreign_keys = 1
I, [2023-05-11T16:56:35.488832 #163]  INFO -- : (0.000022s) PRAGMA case_sensitive_like = 1
I, [2023-05-11T16:59:14.006076 #175]  INFO -- : (0.000129s) PRAGMA foreign_keys = 1
I, [2023-05-11T16:59:14.006170 #175]  INFO -- : (0.000020s) PRAGMA case_sensitive_like = 1
I, [2023-05-11T17:13:51.334759 #407]  INFO -- : (0.000151s) PRAGMA foreign_keys = 1
I, [2023-05-11T17:13:51.335012 #407]  INFO -- : (0.000022s) PRAGMA case_sensitive_like = 1
I, [2023-05-11T17:23:26.760544 #425]  INFO -- : (0.000155s) PRAGMA foreign_keys = 1
I, [2023-05-11T17:23:26.760733 #425]  INFO -- : (0.000022s) PRAGMA case_sensitive_like = 1
I, [2023-05-11T17:25:52.234658 #436]  INFO -- : (0.000138s) PRAGMA foreign_keys = 1
I, [2023-05-11T17:25:52.234754 #436]  INFO -- : (0.000019s) PRAGMA case_sensitive_like = 1
I, [2023-05-11T17:32:00.539418 #448]  INFO -- : (0.000153s) PRAGMA foreign_keys = 1
I, [2023-05-11T17:32:00.539630 #448]  INFO -- : (0.000023s) PRAGMA case_sensitive_like = 1
I, [2023-05-11T17:33:42.955494 #459]  INFO -- : (0.000148s) PRAGMA foreign_keys = 1
I, [2023-05-11T17:33:42.955658 #459]  INFO -- : (0.000026s) PRAGMA case_sensitive_like = 1
I, [2023-05-11T17:36:38.590292 #691]  INFO -- : (0.000185s) PRAGMA foreign_keys = 1
I, [2023-05-11T17:36:38.590450 #691]  INFO -- : (0.000028s) PRAGMA case_sensitive_like = 1
I, [2023-05-11T17:40:12.419404 #710]  INFO -- : (0.000204s) PRAGMA foreign_keys = 1
I, [2023-05-11T17:40:12.419563 #710]  INFO -- : (0.000026s) PRAGMA case_sensitive_like = 1
I, [2023-05-11T17:55:09.729307 #785]  INFO -- : (0.000182s) PRAGMA foreign_keys = 1
I, [2023-05-11T17:55:09.729450 #785]  INFO -- : (0.000024s) PRAGMA case_sensitive_like = 1
I, [2023-05-11T21:07:23.153252 #135]  INFO -- : (0.000270s) PRAGMA foreign_keys = 1
I, [2023-05-11T21:07:23.153511 #135]  INFO -- : (0.000028s) PRAGMA case_sensitive_like = 1
I, [2023-05-11T21:12:56.305012 #220]  INFO -- : (0.000129s) PRAGMA foreign_keys = 1
I, [2023-05-11T21:12:56.305232 #220]  INFO -- : (0.000022s) PRAGMA case_sensitive_like = 1
I, [2023-05-11T22:05:09.917287 #751]  INFO -- : (0.000129s) PRAGMA foreign_keys = 1
I, [2023-05-11T22:05:09.917444 #751]  INFO -- : (0.000038s) PRAGMA case_sensitive_like = 1
I, [2023-05-11T22:59:38.064526 #1022]  INFO -- : (0.000141s) PRAGMA foreign_keys = 1
I, [2023-05-11T22:59:38.064686 #1022]  INFO -- : (0.000022s) PRAGMA case_sensitive_like = 1
I, [2023-05-11T23:00:56.414639 #1033]  INFO -- : (0.000146s) PRAGMA foreign_keys = 1
I, [2023-05-11T23:00:56.414759 #1033]  INFO -- : (0.000032s) PRAGMA case_sensitive_like = 1
I, [2023-05-11T23:02:35.767914 #1044]  INFO -- : (0.000147s) PRAGMA foreign_keys = 1
I, [2023-05-11T23:02:35.768006 #1044]  INFO -- : (0.000019s) PRAGMA case_sensitive_like = 1
I, [2023-05-12T09:25:41.594047 #393]  INFO -- : (0.000126s) PRAGMA foreign_keys = 1
I, [2023-05-12T09:25:41.594372 #393]  INFO -- : (0.000023s) PRAGMA case_sensitive_like = 1
I, [2023-05-12T09:26:08.554033 #405]  INFO -- : (0.000120s) PRAGMA foreign_keys = 1
I, [2023-05-12T09:26:08.554128 #405]  INFO -- : (0.000019s) PRAGMA case_sensitive_like = 1
I, [2023-05-12T09:28:13.268046 #461]  INFO -- : (0.000130s) PRAGMA foreign_keys = 1
I, [2023-05-12T09:28:13.268194 #461]  INFO -- : (0.000023s) PRAGMA case_sensitive_like = 1
I, [2023-05-12T09:36:24.149550 #476]  INFO -- : (0.000137s) PRAGMA foreign_keys = 1
I, [2023-05-12T09:36:24.149655 #476]  INFO -- : (0.000020s) PRAGMA case_sensitive_like = 1
I, [2023-05-12T09:37:52.952793 #487]  INFO -- : (0.000118s) PRAGMA foreign_keys = 1
I, [2023-05-12T09:37:52.952919 #487]  INFO -- : (0.000021s) PRAGMA case_sensitive_like = 1
I, [2023-05-12T09:38:24.570032 #498]  INFO -- : (0.000125s) PRAGMA foreign_keys = 1
I, [2023-05-12T09:38:24.570127 #498]  INFO -- : (0.000020s) PRAGMA case_sensitive_like = 1
I, [2023-05-12T09:41:18.005858 #509]  INFO -- : (0.000124s) PRAGMA foreign_keys = 1
I, [2023-05-12T09:41:18.005952 #509]  INFO -- : (0.000019s) PRAGMA case_sensitive_like = 1
I, [2023-05-12T09:42:53.821856 #521]  INFO -- : (0.000118s) PRAGMA foreign_keys = 1
I, [2023-05-12T09:42:53.821947 #521]  INFO -- : (0.000019s) PRAGMA case_sensitive_like = 1
I, [2023-05-12T09:53:19.755902 #546]  INFO -- : (0.000123s) PRAGMA foreign_keys = 1
I, [2023-05-12T09:53:19.756028 #546]  INFO -- : (0.000022s) PRAGMA case_sensitive_like = 1
I, [2023-05-12T09:59:45.737254 #557]  INFO -- : (0.000116s) PRAGMA foreign_keys = 1
I, [2023-05-12T09:59:45.737345 #557]  INFO -- : (0.000020s) PRAGMA case_sensitive_like = 1
I, [2023-05-12T10:04:14.287660 #569]  INFO -- : (0.000114s) PRAGMA foreign_keys = 1
I, [2023-05-12T10:04:14.287762 #569]  INFO -- : (0.000025s) PRAGMA case_sensitive_like = 1
I, [2023-05-12T10:04:55.299807 #580]  INFO -- : (0.000129s) PRAGMA foreign_keys = 1
I, [2023-05-12T10:04:55.299919 #580]  INFO -- : (0.000024s) PRAGMA case_sensitive_like = 1
<<<<<<< HEAD
I, [2023-05-12T10:16:01.309182 #599]  INFO -- : (0.000117s) PRAGMA foreign_keys = 1
I, [2023-05-12T10:16:01.309288 #599]  INFO -- : (0.000020s) PRAGMA case_sensitive_like = 1
I, [2023-05-12T10:18:25.772211 #615]  INFO -- : (0.000120s) PRAGMA foreign_keys = 1
I, [2023-05-12T10:18:25.772301 #615]  INFO -- : (0.000019s) PRAGMA case_sensitive_like = 1
I, [2023-05-12T10:34:21.052743 #643]  INFO -- : (0.000125s) PRAGMA foreign_keys = 1
I, [2023-05-12T10:34:21.052839 #643]  INFO -- : (0.000019s) PRAGMA case_sensitive_like = 1
=======
I, [2023-05-12T10:14:07.567263 #612]  INFO -- : (0.000121s) PRAGMA foreign_keys = 1
I, [2023-05-12T10:14:07.567387 #612]  INFO -- : (0.000024s) PRAGMA case_sensitive_like = 1
I, [2023-05-12T10:18:07.422447 #627]  INFO -- : (0.000121s) PRAGMA foreign_keys = 1
I, [2023-05-12T10:18:07.422591 #627]  INFO -- : (0.000022s) PRAGMA case_sensitive_like = 1
I, [2023-05-12T10:19:34.161820 #639]  INFO -- : (0.000115s) PRAGMA foreign_keys = 1
I, [2023-05-12T10:19:34.161958 #639]  INFO -- : (0.000023s) PRAGMA case_sensitive_like = 1
I, [2023-05-12T10:20:50.851180 #650]  INFO -- : (0.000115s) PRAGMA foreign_keys = 1
I, [2023-05-12T10:20:50.851320 #650]  INFO -- : (0.000021s) PRAGMA case_sensitive_like = 1
>>>>>>> c95c64c7c28d58da0fdb231f45222dbe291b83b5
I, [2023-05-12T10:35:46.940438 #682]  INFO -- : (0.000161s) PRAGMA foreign_keys = 1
I, [2023-05-12T10:35:46.940656 #682]  INFO -- : (0.000022s) PRAGMA case_sensitive_like = 1
I, [2023-05-12T10:38:49.537790 #673]  INFO -- : (0.000122s) PRAGMA foreign_keys = 1
I, [2023-05-12T10:38:49.537929 #673]  INFO -- : (0.000022s) PRAGMA case_sensitive_like = 1
I, [2023-05-12T10:40:28.752241 #684]  INFO -- : (0.000113s) PRAGMA foreign_keys = 1
I, [2023-05-12T10:40:28.752344 #684]  INFO -- : (0.000024s) PRAGMA case_sensitive_like = 1
I, [2023-05-12T10:49:58.560644 #795]  INFO -- : (0.000136s) PRAGMA foreign_keys = 1
I, [2023-05-12T10:49:58.560794 #795]  INFO -- : (0.000021s) PRAGMA case_sensitive_like = 1
I, [2023-05-12T10:55:27.017146 #808]  INFO -- : (0.000151s) PRAGMA foreign_keys = 1
I, [2023-05-12T10:55:27.017238 #808]  INFO -- : (0.000020s) PRAGMA case_sensitive_like = 1
I, [2023-05-12T10:56:28.949785 #819]  INFO -- : (0.000116s) PRAGMA foreign_keys = 1
I, [2023-05-12T10:56:28.949875 #819]  INFO -- : (0.000019s) PRAGMA case_sensitive_like = 1
I, [2023-05-12T10:57:28.610873 #830]  INFO -- : (0.000122s) PRAGMA foreign_keys = 1
I, [2023-05-12T10:57:28.610962 #830]  INFO -- : (0.000019s) PRAGMA case_sensitive_like = 1
I, [2023-05-12T10:58:17.586173 #841]  INFO -- : (0.000116s) PRAGMA foreign_keys = 1
I, [2023-05-12T10:58:17.586263 #841]  INFO -- : (0.000019s) PRAGMA case_sensitive_like = 1
I, [2023-05-12T11:44:29.003592 #185]  INFO -- : (0.000208s) PRAGMA foreign_keys = 1
I, [2023-05-12T11:44:29.003879 #185]  INFO -- : (0.000028s) PRAGMA case_sensitive_like = 1
I, [2023-05-12T11:45:44.170598 #198]  INFO -- : (0.000194s) PRAGMA foreign_keys = 1
I, [2023-05-12T11:45:44.170911 #198]  INFO -- : (0.000035s) PRAGMA case_sensitive_like = 1
I, [2023-05-12T11:50:34.750956 #212]  INFO -- : (0.000189s) PRAGMA foreign_keys = 1
I, [2023-05-12T11:50:34.751231 #212]  INFO -- : (0.000027s) PRAGMA case_sensitive_like = 1
I, [2023-05-12T11:55:56.184051 #226]  INFO -- : (0.000135s) PRAGMA foreign_keys = 1
I, [2023-05-12T11:55:56.184216 #226]  INFO -- : (0.000022s) PRAGMA case_sensitive_like = 1
I, [2023-05-12T11:58:05.934049 #238]  INFO -- : (0.000310s) PRAGMA foreign_keys = 1
I, [2023-05-12T11:58:05.934241 #238]  INFO -- : (0.000023s) PRAGMA case_sensitive_like = 1
I, [2023-05-12T12:00:49.444178 #461]  INFO -- : (0.000127s) PRAGMA foreign_keys = 1
I, [2023-05-12T12:00:49.444267 #461]  INFO -- : (0.000019s) PRAGMA case_sensitive_like = 1
I, [2023-05-12T12:10:34.000693 #523]  INFO -- : (0.000130s) PRAGMA foreign_keys = 1
I, [2023-05-12T12:10:34.000823 #523]  INFO -- : (0.000022s) PRAGMA case_sensitive_like = 1
I, [2023-05-12T12:11:19.607295 #535]  INFO -- : (0.000119s) PRAGMA foreign_keys = 1
I, [2023-05-12T12:11:19.607410 #535]  INFO -- : (0.000042s) PRAGMA case_sensitive_like = 1
I, [2023-05-12T12:13:31.699704 #547]  INFO -- : (0.000116s) PRAGMA foreign_keys = 1
I, [2023-05-12T12:13:31.699809 #547]  INFO -- : (0.000020s) PRAGMA case_sensitive_like = 1
I, [2023-05-12T12:15:02.420542 #574]  INFO -- : (0.000149s) PRAGMA foreign_keys = 1
I, [2023-05-12T12:15:02.420676 #574]  INFO -- : (0.000020s) PRAGMA case_sensitive_like = 1
I, [2023-05-12T12:16:27.928394 #585]  INFO -- : (0.000143s) PRAGMA foreign_keys = 1
I, [2023-05-12T12:16:27.928492 #585]  INFO -- : (0.000019s) PRAGMA case_sensitive_like = 1
I, [2023-05-12T12:27:05.266268 #615]  INFO -- : (0.000129s) PRAGMA foreign_keys = 1
I, [2023-05-12T12:27:05.266423 #615]  INFO -- : (0.000022s) PRAGMA case_sensitive_like = 1
I, [2023-05-12T12:38:05.125979 #642]  INFO -- : (0.000140s) PRAGMA foreign_keys = 1
I, [2023-05-12T12:38:05.126088 #642]  INFO -- : (0.000019s) PRAGMA case_sensitive_like = 1
I, [2023-05-12T12:39:48.047025 #667]  INFO -- : (0.000145s) PRAGMA foreign_keys = 1
I, [2023-05-12T12:39:48.047132 #667]  INFO -- : (0.000020s) PRAGMA case_sensitive_like = 1
I, [2023-05-12T12:42:55.571751 #709]  INFO -- : (0.000162s) PRAGMA foreign_keys = 1
I, [2023-05-12T12:42:55.571938 #709]  INFO -- : (0.000023s) PRAGMA case_sensitive_like = 1
I, [2023-05-12T12:43:48.306695 #724]  INFO -- : (0.000121s) PRAGMA foreign_keys = 1
I, [2023-05-12T12:43:48.306793 #724]  INFO -- : (0.000020s) PRAGMA case_sensitive_like = 1
I, [2023-05-12T12:44:24.807535 #725]  INFO -- : (0.000212s) PRAGMA foreign_keys = 1
I, [2023-05-12T12:44:24.807631 #725]  INFO -- : (0.000019s) PRAGMA case_sensitive_like = 1
I, [2023-05-12T12:47:49.659442 #728]  INFO -- : (0.000226s) PRAGMA foreign_keys = 1
I, [2023-05-12T12:47:49.659613 #728]  INFO -- : (0.000029s) PRAGMA case_sensitive_like = 1
I, [2023-05-12T12:56:22.543978 #743]  INFO -- : (0.003073s) PRAGMA foreign_keys = 1
I, [2023-05-12T12:56:22.544364 #743]  INFO -- : (0.000066s) PRAGMA case_sensitive_like = 1
